<?xml version="1.0" encoding="UTF-8"?>
<!-- Generated by org.testng.reporters.JUnitXMLReporter -->
<testsuite ignored="1" hostname="LAPTOP-7VII1ULP" failures="0" tests="1" name="Default test" time="179.299" errors="0" timestamp="2023-11-08T10:29:40 IST">
  <testcase classname="annotationDemo.ExcelDataExample" name="geturl" time="145.701"/>
  <testcase classname="annotationDemo.ExcelDataExample" name="login" time="0.0">
    <ignored/>
  </testcase> <!-- login -->
</testsuite> <!-- Default test -->
