<?xml version="1.0" encoding="UTF-8"?>
<!-- Generated by org.testng.reporters.JUnitXMLReporter -->
<testsuite ignored="0" hostname="LAPTOP-7VII1ULP" failures="0" tests="3" name="Test" time="28.987" errors="0" timestamp="2023-11-07T09:18:11 IST">
  <testcase classname="annotationDemo.DataDriven_Parameter" name="launchURL" time="19.583"/>
  <testcase classname="annotationDemo.DataDriven_Parameter" name="enterValue" time="6.607"/>
  <testcase classname="annotationDemo.DataDriven_Parameter" name="teardown" time="2.753"/>
</testsuite> <!-- Test -->
