<?xml version="1.0" encoding="UTF-8"?>
<!-- Generated by org.testng.reporters.JUnitXMLReporter -->
<testsuite ignored="2" hostname="LAPTOP-7VII1ULP" failures="1" tests="2" name="Test(failed)" time="21.143" errors="0" timestamp="2023-11-06T10:53:01 IST">
  <testcase classname="annotationDemo.Testcase" name="validateTitle" time="0.018">
    <failure type="java.lang.AssertionError" message="expected [facebook] but found [Facebook – log in or sign up]">
      <![CDATA[java.lang.AssertionError: expected [facebook] but found [Facebook – log in or sign up]
at annotationDemo.Testcase.validateTitle(Testcase.java:45)
at java.base/java.util.ArrayList.forEach(ArrayList.java:1511)
... Removed 33 stack frames]]>
    </failure>
  </testcase> <!-- validateTitle -->
  <testcase classname="annotationDemo.Testcase" name="validateURL" time="0.0">
    <skipped/>
  </testcase> <!-- validateURL -->
  <testcase classname="annotationDemo.Testcase" name="login" time="0.0">
    <ignored/>
  </testcase> <!-- login -->
  <testcase classname="annotationDemo.Testcase" name="quit" time="0.0">
    <ignored/>
  </testcase> <!-- quit -->
</testsuite> <!-- Test(failed) -->
