<?xml version="1.0" encoding="UTF-8"?>
<testng-results ignored="1" total="2" passed="1" failed="0" skipped="0">
  <reporter-output>
  </reporter-output>
  <suite started-at="2023-11-08T10:26:22 IST" name="Default suite" finished-at="2023-11-08T10:29:21 IST" duration-ms="179299">
    <groups>
    </groups>
    <test started-at="2023-11-08T10:26:22 IST" name="Default test" finished-at="2023-11-08T10:29:21 IST" duration-ms="179299">
      <class name="annotationDemo.ExcelDataExample">
        <test-method is-config="true" signature="setUp()[pri:0, instance:annotationDemo.ExcelDataExample@36902638]" started-at="2023-11-08T10:26:22 IST" name="setUp" finished-at="2023-11-08T10:26:50 IST" duration-ms="28174" status="PASS">
          <reporter-output>
          </reporter-output>
        </test-method> <!-- setUp -->
        <test-method signature="geturl()[pri:0, instance:annotationDemo.ExcelDataExample@36902638]" started-at="2023-11-08T10:26:50 IST" name="geturl" finished-at="2023-11-08T10:29:16 IST" duration-ms="145701" status="PASS">
          <reporter-output>
          </reporter-output>
        </test-method> <!-- geturl -->
        <test-method is-config="true" signature="tearDown()[pri:0, instance:annotationDemo.ExcelDataExample@36902638]" started-at="2023-11-08T10:29:16 IST" name="tearDown" finished-at="2023-11-08T10:29:21 IST" duration-ms="5372" status="PASS">
          <reporter-output>
          </reporter-output>
        </test-method> <!-- tearDown -->
      </class> <!-- annotationDemo.ExcelDataExample -->
    </test> <!-- Default test -->
  </suite> <!-- Default suite -->
</testng-results>
